<?xml version="1.0" encoding="utf-8"?>
<test-run id="2" name="Pluralize.dll" fullname="C:\c# project\pluralize\bin\Release\net8.0\Pluralize.dll" testcasecount="1" result="Passed" start-time="2026-02-28T15:33:01.8057903Z" end-time="2026-02-28T15:33:01.8151995Z" duration="0.009393" total="1" passed="1" failed="0" inconclusive="0" skipped="0" warnings="0" asserts="0" random-seed="1329172169">
  <command-line><![CDATA["C:\c# project\pluralize\bin\Release\net8.0\Pluralize.dll"]]></command-line>
  <filter />
  <test-suite type="Assembly" id="1002" name="Pluralize.dll" fullname="C:\c# project\pluralize\bin\Release\net8.0\Pluralize.dll" runstate="Runnable" testcasecount="1" result="Passed" start-time="2026-02-28T15:33:01.8057903Z" end-time="2026-02-28T15:33:01.8151995Z" duration="0.009393" total="1" passed="1" failed="0" warnings="0" inconclusive="0" skipped="0" asserts="0">
    <environment framework-version="4.2.2.0" clr-version="8.0.24" os-version="Microsoft Windows 10.0.19045" platform="Win32NT" cwd="C:\c# project\pluralize\bin\Release\net8.0" machine-name="DESKTOP-TCOERQ3" user="bulat" user-domain="DESKTOP-TCOERQ3" culture="ru-RU" uiculture="ru-RU" os-architecture="x64" />
    <settings>
      <setting name="WorkDirectory" value="C:\c# project\pluralize\bin\Release\net8.0" />
      <setting name="NumberOfTestWorkers" value="12" />
    </settings>
    <properties>
      <property name="_PID" value="3920" />
      <property name="_APPDOMAIN" value="Pluralize" />
    </properties>
    <test-suite type="TestSuite" id="1003" name="Pluralize" fullname="Pluralize" runstate="Runnable" testcasecount="1" result="Passed" start-time="2026-02-28T15:33:01.8082587Z" end-time="2026-02-28T15:33:01.8151887Z" duration="0.006930" total="1" passed="1" failed="0" warnings="0" inconclusive="0" skipped="0" asserts="0">
      <test-suite type="TestFixture" id="1000" name="Pluralize_Should" fullname="Pluralize.Pluralize_Should" classname="Pluralize.Pluralize_Should" runstate="Runnable" testcasecount="1" result="Passed" start-time="2026-02-28T15:33:01.8089796Z" end-time="2026-02-28T15:33:01.8150118Z" duration="0.006032" total="1" passed="1" failed="0" warnings="0" inconclusive="0" skipped="0" asserts="0">
        <test-case id="1001" name="BeCorrect" fullname="Pluralize.Pluralize_Should.BeCorrect" methodname="BeCorrect" classname="Pluralize.Pluralize_Should" runstate="Runnable" seed="1622661330" result="Passed" start-time="2026-02-28T15:33:01.8106374Z" end-time="2026-02-28T15:33:01.8138105Z" duration="0.003208" asserts="0" />
      </test-suite>
    </test-suite>
  </test-suite>
</test-run>